build/outputs/logs/manifest-merger-debug-report.txt
-- Merging decision tree log ---
manifest
ADDED from KDNMobile\AndroidManifest.xml:6:1-180:12
	package
		ADDED from KDNMobile\AndroidManifest.xml:7:5-34
	android:versionName
		ADDED from KDNMobile\AndroidManifest.xml:10:5-30
		INJECTED from KDNMobile\AndroidManifest.xml
		INJECTED from KDNMobile\AndroidManifest.xml
	android:versionCode
		ADDED from KDNMobile\AndroidManifest.xml:9:5-28
		INJECTED from KDNMobile\AndroidManifest.xml
		INJECTED from KDNMobile\AndroidManifest.xml
	xmlns:android
		ADDED from KDNMobile\AndroidManifest.xml:6:11-69
uses-sdk
ADDED from KDNMobile\AndroidManifest.xml:12:5-14:41
	android:targetSdkVersion
		ADDED from KDNMobile\AndroidManifest.xml:14:9-38
	android:minSdkVersion
		ADDED from KDNMobile\AndroidManifest.xml:13:9-35
uses-permission#android.permission.INTERNET
ADDED from KDNMobile\AndroidManifest.xml:15:5-66
	android:name
		ADDED from KDNMobile\AndroidManifest.xml:15:22-64
uses-permission#android.permission.ACCESS_FINE_LOCATION
ADDED from KDNMobile\AndroidManifest.xml:16:5-78
	android:name
		ADDED from KDNMobile\AndroidManifest.xml:16:22-76
uses-permission#android.permission.RECEIVE_BOOT_COMPLETED
ADDED from KDNMobile\AndroidManifest.xml:17:5-80
	android:name
		ADDED from KDNMobile\AndroidManifest.xml:17:22-78
uses-permission#android.permission.WRITE_EXTERNAL_STORAGE
ADDED from KDNMobile\AndroidManifest.xml:18:5-80
	android:name
		ADDED from KDNMobile\AndroidManifest.xml:18:22-78
uses-permission#android.permission.READ_EXTERNAL_STORAGE
ADDED from KDNMobile\AndroidManifest.xml:19:5-79
	android:name
		ADDED from KDNMobile\AndroidManifest.xml:19:22-77
uses-permission#android.permission.NFC
ADDED from KDNMobile\AndroidManifest.xml:20:5-61
	android:name
		ADDED from KDNMobile\AndroidManifest.xml:20:22-59
uses-permission#android.permission.CAMERA
ADDED from KDNMobile\AndroidManifest.xml:21:5-65
	android:name
		ADDED from KDNMobile\AndroidManifest.xml:21:22-62
uses-permission#android.permission.ACCESS_NETWORK_STATE
ADDED from KDNMobile\AndroidManifest.xml:22:2-75
	android:name
		ADDED from KDNMobile\AndroidManifest.xml:22:19-73
uses-permission#android.permission.GET_TASKS
ADDED from KDNMobile\AndroidManifest.xml:23:2-64
	android:name
		ADDED from KDNMobile\AndroidManifest.xml:23:19-62
uses-permission#android.permission.WAKE_LOCK
ADDED from KDNMobile\AndroidManifest.xml:24:2-64
	android:name
		ADDED from KDNMobile\AndroidManifest.xml:24:19-62
permission#com.kdn.mtps.mobile.permission.C2D_MESSAGE
ADDED from KDNMobile\AndroidManifest.xml:27:5-29:47
	android:protectionLevel
		ADDED from KDNMobile\AndroidManifest.xml:29:9-44
	android:name
		ADDED from KDNMobile\AndroidManifest.xml:28:9-66
uses-permission#com.kdn.mtps.mobile.permission.C2D_MESSAGE
ADDED from KDNMobile\AndroidManifest.xml:31:5-82
	android:name
		ADDED from KDNMobile\AndroidManifest.xml:31:22-79
uses-permission#com.google.android.c2dm.permission.RECEIVE
ADDED from KDNMobile\AndroidManifest.xml:33:5-82
	android:name
		ADDED from KDNMobile\AndroidManifest.xml:33:22-79
uses-permission#android.permission.GET_ACCOUNTS
ADDED from KDNMobile\AndroidManifest.xml:35:5-71
	android:name
		ADDED from KDNMobile\AndroidManifest.xml:35:22-68
uses-permission#android.permission.DISABLE_KEYGUARD
ADDED from KDNMobile\AndroidManifest.xml:38:5-75
	android:name
		ADDED from KDNMobile\AndroidManifest.xml:38:22-72
uses-feature#android.hardware.nfc
ADDED from KDNMobile\AndroidManifest.xml:40:2-41:68
	android:required
		ADDED from KDNMobile\AndroidManifest.xml:41:42-65
	android:name
		ADDED from KDNMobile\AndroidManifest.xml:41:6-41
application
ADDED from KDNMobile\AndroidManifest.xml:44:5-178:19
	android:label
		ADDED from KDNMobile\AndroidManifest.xml:48:9-41
	android:allowBackup
		ADDED from KDNMobile\AndroidManifest.xml:46:9-35
	android:icon
		ADDED from KDNMobile\AndroidManifest.xml:47:9-42
	android:theme
		ADDED from KDNMobile\AndroidManifest.xml:49:9-40
	android:name
		ADDED from KDNMobile\AndroidManifest.xml:45:9-58
activity#com.kdn.mtps.mobile.SplashActivity
ADDED from KDNMobile\AndroidManifest.xml:50:9-58:20
	android:screenOrientation
		ADDED from KDNMobile\AndroidManifest.xml:53:13-50
	android:label
		ADDED from KDNMobile\AndroidManifest.xml:52:13-45
	android:name
		ADDED from KDNMobile\AndroidManifest.xml:51:13-62
intent-filter#android.intent.action.MAIN+android.intent.category.LAUNCHER
ADDED from KDNMobile\AndroidManifest.xml:54:13-57:29
action#android.intent.action.MAIN
ADDED from KDNMobile\AndroidManifest.xml:55:17-69
	android:name
		ADDED from KDNMobile\AndroidManifest.xml:55:25-66
category#android.intent.category.LAUNCHER
ADDED from KDNMobile\AndroidManifest.xml:56:17-77
	android:name
		ADDED from KDNMobile\AndroidManifest.xml:56:27-74
activity#com.kdn.mtps.mobile.MainActivity
ADDED from KDNMobile\AndroidManifest.xml:59:9-60:62
	android:screenOrientation
		ADDED from KDNMobile\AndroidManifest.xml:60:13-50
	android:name
		ADDED from KDNMobile\AndroidManifest.xml:59:19-66
activity#com.kdn.mtps.mobile.LoginActivity
ADDED from KDNMobile\AndroidManifest.xml:61:9-62:62
	android:screenOrientation
		ADDED from KDNMobile\AndroidManifest.xml:62:13-50
	android:name
		ADDED from KDNMobile\AndroidManifest.xml:61:19-67
activity#com.kdn.mtps.mobile.map.NMapViewer
ADDED from KDNMobile\AndroidManifest.xml:63:9-64:62
	android:screenOrientation
		ADDED from KDNMobile\AndroidManifest.xml:64:13-50
	android:name
		ADDED from KDNMobile\AndroidManifest.xml:63:19-68
activity#com.kdn.mtps.mobile.notice.NoticeListActivity
ADDED from KDNMobile\AndroidManifest.xml:65:9-66:62
	android:screenOrientation
		ADDED from KDNMobile\AndroidManifest.xml:66:13-50
	android:name
		ADDED from KDNMobile\AndroidManifest.xml:65:19-79
activity#com.kdn.mtps.mobile.facility.FacilitySearchActivity
ADDED from KDNMobile\AndroidManifest.xml:67:9-68:62
	android:screenOrientation
		ADDED from KDNMobile\AndroidManifest.xml:68:13-50
	android:name
		ADDED from KDNMobile\AndroidManifest.xml:67:19-85
activity#com.kdn.mtps.mobile.facility.FacilityMapActivity
ADDED from KDNMobile\AndroidManifest.xml:69:9-70:62
	android:screenOrientation
		ADDED from KDNMobile\AndroidManifest.xml:70:13-50
	android:name
		ADDED from KDNMobile\AndroidManifest.xml:69:19-82
service#com.kdn.mtps.mobile.service.KDNService
ADDED from KDNMobile\AndroidManifest.xml:71:9-82
	android:name
		ADDED from KDNMobile\AndroidManifest.xml:71:18-71
receiver#com.kdn.mtps.mobile.receiver.KDNReceiver
ADDED from KDNMobile\AndroidManifest.xml:72:9-76:20
	android:name
		ADDED from KDNMobile\AndroidManifest.xml:72:19-74
intent-filter#android.intent.action.BOOT_COMPLETED
ADDED from KDNMobile\AndroidManifest.xml:73:13-75:29
action#android.intent.action.BOOT_COMPLETED
ADDED from KDNMobile\AndroidManifest.xml:74:17-79
	android:name
		ADDED from KDNMobile\AndroidManifest.xml:74:25-76
activity#com.kdn.mtps.mobile.facility.FacilityMapListActivity
ADDED from KDNMobile\AndroidManifest.xml:77:9-78:62
	android:screenOrientation
		ADDED from KDNMobile\AndroidManifest.xml:78:13-50
	android:name
		ADDED from KDNMobile\AndroidManifest.xml:77:19-86
activity#com.kdn.mtps.mobile.inspect.InspectResultSearchActivity
ADDED from KDNMobile\AndroidManifest.xml:79:9-80:62
	android:screenOrientation
		ADDED from KDNMobile\AndroidManifest.xml:80:13-50
	android:name
		ADDED from KDNMobile\AndroidManifest.xml:79:19-89
activity#com.kdn.mtps.mobile.inspect.InspectResultDetailActivity
ADDED from KDNMobile\AndroidManifest.xml:81:9-82:62
	android:screenOrientation
		ADDED from KDNMobile\AndroidManifest.xml:82:13-50
	android:name
		ADDED from KDNMobile\AndroidManifest.xml:81:19-89
activity#com.kdn.mtps.mobile.datasync.DataSyncActivity
ADDED from KDNMobile\AndroidManifest.xml:83:9-84:62
	android:screenOrientation
		ADDED from KDNMobile\AndroidManifest.xml:84:13-50
	android:name
		ADDED from KDNMobile\AndroidManifest.xml:83:19-79
activity#com.kdn.mtps.mobile.nfc.NfcActivity
ADDED from KDNMobile\AndroidManifest.xml:85:9-87:20
	android:screenOrientation
		ADDED from KDNMobile\AndroidManifest.xml:86:13-50
	android:name
		ADDED from KDNMobile\AndroidManifest.xml:85:19-69
activity#com.kdn.mtps.mobile.nfc.NfcWriteActivity
ADDED from KDNMobile\AndroidManifest.xml:88:9-89:25
	android:name
		ADDED from KDNMobile\AndroidManifest.xml:88:19-74
activity#com.kdn.mtps.mobile.input.InputBTActivity
ADDED from KDNMobile\AndroidManifest.xml:90:9-92:71
	android:windowSoftInputMode
		ADDED from KDNMobile\AndroidManifest.xml:91:13-70
	android:configChanges
		ADDED from KDNMobile\AndroidManifest.xml:92:13-59
	android:name
		ADDED from KDNMobile\AndroidManifest.xml:90:19-75
activity#com.kdn.mtps.mobile.input.InputJPActivity
ADDED from KDNMobile\AndroidManifest.xml:93:9-95:71
	android:windowSoftInputMode
		ADDED from KDNMobile\AndroidManifest.xml:94:13-52
	android:configChanges
		ADDED from KDNMobile\AndroidManifest.xml:95:13-59
	android:name
		ADDED from KDNMobile\AndroidManifest.xml:93:19-75
activity#com.kdn.mtps.mobile.input.InputJSActivity
ADDED from KDNMobile\AndroidManifest.xml:96:9-98:71
	android:windowSoftInputMode
		ADDED from KDNMobile\AndroidManifest.xml:97:13-52
	android:configChanges
		ADDED from KDNMobile\AndroidManifest.xml:98:13-59
	android:name
		ADDED from KDNMobile\AndroidManifest.xml:96:19-75
activity#com.kdn.mtps.mobile.input.InputJJActivity
ADDED from KDNMobile\AndroidManifest.xml:99:9-101:71
	android:windowSoftInputMode
		ADDED from KDNMobile\AndroidManifest.xml:100:13-52
	android:configChanges
		ADDED from KDNMobile\AndroidManifest.xml:101:13-59
	android:name
		ADDED from KDNMobile\AndroidManifest.xml:99:19-75
activity#com.kdn.mtps.mobile.input.InputKBActivity
ADDED from KDNMobile\AndroidManifest.xml:102:9-104:71
	android:windowSoftInputMode
		ADDED from KDNMobile\AndroidManifest.xml:103:13-52
	android:configChanges
		ADDED from KDNMobile\AndroidManifest.xml:104:13-59
	android:name
		ADDED from KDNMobile\AndroidManifest.xml:102:19-75
activity#com.kdn.mtps.mobile.input.InputHKActivity
ADDED from KDNMobile\AndroidManifest.xml:105:9-107:76
	android:windowSoftInputMode
		ADDED from KDNMobile\AndroidManifest.xml:107:13-64
	android:configChanges
		ADDED from KDNMobile\AndroidManifest.xml:106:13-59
	android:name
		ADDED from KDNMobile\AndroidManifest.xml:105:19-75
activity#com.kdn.mtps.mobile.input.InputHJActivity
ADDED from KDNMobile\AndroidManifest.xml:108:9-110:71
	android:windowSoftInputMode
		ADDED from KDNMobile\AndroidManifest.xml:109:13-52
	android:configChanges
		ADDED from KDNMobile\AndroidManifest.xml:110:13-59
	android:name
		ADDED from KDNMobile\AndroidManifest.xml:108:19-75
activity#com.kdn.mtps.mobile.input.InputBRActivity
ADDED from KDNMobile\AndroidManifest.xml:111:9-113:71
	android:windowSoftInputMode
		ADDED from KDNMobile\AndroidManifest.xml:112:13-52
	android:configChanges
		ADDED from KDNMobile\AndroidManifest.xml:113:13-59
	android:name
		ADDED from KDNMobile\AndroidManifest.xml:111:19-75
activity#com.kdn.mtps.mobile.input.InputYBActivity
ADDED from KDNMobile\AndroidManifest.xml:114:9-116:71
	android:windowSoftInputMode
		ADDED from KDNMobile\AndroidManifest.xml:115:13-52
	android:configChanges
		ADDED from KDNMobile\AndroidManifest.xml:116:13-59
	android:name
		ADDED from KDNMobile\AndroidManifest.xml:114:19-75
activity#com.kdn.mtps.mobile.input.InputJGActivity
ADDED from KDNMobile\AndroidManifest.xml:117:9-119:71
	android:windowSoftInputMode
		ADDED from KDNMobile\AndroidManifest.xml:118:13-52
	android:configChanges
		ADDED from KDNMobile\AndroidManifest.xml:119:13-59
	android:name
		ADDED from KDNMobile\AndroidManifest.xml:117:19-75
activity#com.kdn.mtps.mobile.input.InputGHActivity
ADDED from KDNMobile\AndroidManifest.xml:120:9-122:71
	android:windowSoftInputMode
		ADDED from KDNMobile\AndroidManifest.xml:121:13-52
	android:configChanges
		ADDED from KDNMobile\AndroidManifest.xml:122:13-59
	android:name
		ADDED from KDNMobile\AndroidManifest.xml:120:19-75
activity#com.kdn.mtps.mobile.input.InputPRActivity
ADDED from KDNMobile\AndroidManifest.xml:123:9-125:71
	android:windowSoftInputMode
		ADDED from KDNMobile\AndroidManifest.xml:124:13-52
	android:configChanges
		ADDED from KDNMobile\AndroidManifest.xml:125:13-59
	android:name
		ADDED from KDNMobile\AndroidManifest.xml:123:19-75
activity#com.kdn.mtps.mobile.input.InputMHActivity
ADDED from KDNMobile\AndroidManifest.xml:126:9-128:71
	android:windowSoftInputMode
		ADDED from KDNMobile\AndroidManifest.xml:127:13-52
	android:configChanges
		ADDED from KDNMobile\AndroidManifest.xml:128:13-59
	android:name
		ADDED from KDNMobile\AndroidManifest.xml:126:19-75
activity#com.kdn.mtps.mobile.input.InputJBActivity
ADDED from KDNMobile\AndroidManifest.xml:129:9-131:71
	android:windowSoftInputMode
		ADDED from KDNMobile\AndroidManifest.xml:130:13-52
	android:configChanges
		ADDED from KDNMobile\AndroidManifest.xml:131:13-59
	android:name
		ADDED from KDNMobile\AndroidManifest.xml:129:19-75
activity#com.kdn.mtps.mobile.camera.CameraManageActivity
ADDED from KDNMobile\AndroidManifest.xml:132:9-133:62
	android:screenOrientation
		ADDED from KDNMobile\AndroidManifest.xml:133:13-50
	android:name
		ADDED from KDNMobile\AndroidManifest.xml:132:19-81
activity#com.kdn.mtps.mobile.inspect.InspectResultOutputActivity
ADDED from KDNMobile\AndroidManifest.xml:134:9-135:62
	android:screenOrientation
		ADDED from KDNMobile\AndroidManifest.xml:135:13-50
	android:name
		ADDED from KDNMobile\AndroidManifest.xml:134:19-89
activity#com.kdn.mtps.mobile.inspect.InspectMapListActivity
ADDED from KDNMobile\AndroidManifest.xml:136:9-137:62
	android:screenOrientation
		ADDED from KDNMobile\AndroidManifest.xml:137:13-50
	android:name
		ADDED from KDNMobile\AndroidManifest.xml:136:19-84
activity#com.kdn.mtps.mobile.report.JoinReportSearchActivity
ADDED from KDNMobile\AndroidManifest.xml:138:9-139:62
	android:screenOrientation
		ADDED from KDNMobile\AndroidManifest.xml:139:13-50
	android:name
		ADDED from KDNMobile\AndroidManifest.xml:138:19-85
activity#com.kdn.mtps.mobile.input.InputJoinReportAddActivity
ADDED from KDNMobile\AndroidManifest.xml:140:9-141:62
	android:screenOrientation
		ADDED from KDNMobile\AndroidManifest.xml:141:13-50
	android:name
		ADDED from KDNMobile\AndroidManifest.xml:140:19-86
activity#com.kdn.mtps.mobile.gcm.PushDialog
ADDED from KDNMobile\AndroidManifest.xml:142:9-145:25
	android:screenOrientation
		ADDED from KDNMobile\AndroidManifest.xml:144:13-50
	android:theme
		ADDED from KDNMobile\AndroidManifest.xml:143:13-49
	android:name
		ADDED from KDNMobile\AndroidManifest.xml:142:19-68
activity#com.kdn.mtps.mobile.setting.SettingActivity
ADDED from KDNMobile\AndroidManifest.xml:162:7-163:61
	android:screenOrientation
		ADDED from KDNMobile\AndroidManifest.xml:163:12-49
	android:name
		ADDED from KDNMobile\AndroidManifest.xml:162:17-75
service#com.kdn.mtps.mobile.GCMIntentService
ADDED from KDNMobile\AndroidManifest.xml:176:9-80
	android:name
		ADDED from KDNMobile\AndroidManifest.xml:176:18-69